c:\users\2n\desktop\kernel-anti-cheat\development-team\src\driver\x64\debug\vc142.pdb
c:\users\2n\desktop\kernel-anti-cheat\development-team\src\driver\x64\debug\main.obj
c:\users\2n\desktop\kernel-anti-cheat\development-team\src\driver\x64\debug\isallowpid.obj
c:\users\2n\desktop\kernel-anti-cheat\development-team\src\driver\x64\debug\isprotectpath.obj
c:\users\2n\desktop\kernel-anti-cheat\development-team\src\driver\x64\debug\utilfilter.obj
c:\users\2n\desktop\kernel-anti-cheat\development-team\src\driver\x64\debug\filepreoperation.obj
c:\users\2n\desktop\kernel-anti-cheat\development-team\src\driver\x64\debug\registration.obj
c:\users\2n\desktop\kernel-anti-cheat\development-team\src\x64\debug\driver\driver.cat
c:\users\2n\desktop\kernel-anti-cheat\development-team\src\x64\debug\driver.sys
c:\users\2n\desktop\kernel-anti-cheat\development-team\src\x64\debug\driver.pdb
c:\users\2n\desktop\kernel-anti-cheat\development-team\src\driver\x64\debug\driver.res
c:\users\2n\desktop\kernel-anti-cheat\development-team\src\driver\x64\debug\driver.inf
c:\users\2n\desktop\kernel-anti-cheat\development-team\src\x64\debug\driver.cer
c:\users\2n\desktop\kernel-anti-cheat\development-team\src\x64\debug\driver.inf
c:\users\2n\desktop\kernel-anti-cheat\development-team\src\driver\x64\debug\driver.tlog\cl.command.1.tlog
c:\users\2n\desktop\kernel-anti-cheat\development-team\src\driver\x64\debug\driver.tlog\cl.read.1.tlog
c:\users\2n\desktop\kernel-anti-cheat\development-team\src\driver\x64\debug\driver.tlog\cl.write.1.tlog
c:\users\2n\desktop\kernel-anti-cheat\development-team\src\driver\x64\debug\driver.tlog\inf2cat-expand.32176.read.1.tlog
c:\users\2n\desktop\kernel-anti-cheat\development-team\src\driver\x64\debug\driver.tlog\inf2cat-expand.32176.write.1.tlog
c:\users\2n\desktop\kernel-anti-cheat\development-team\src\driver\x64\debug\driver.tlog\inf2cat-expand.read.1.tlog
c:\users\2n\desktop\kernel-anti-cheat\development-team\src\driver\x64\debug\driver.tlog\inf2cat-expand.write.1.tlog
c:\users\2n\desktop\kernel-anti-cheat\development-team\src\driver\x64\debug\driver.tlog\inf2cat.command.1.tlog
c:\users\2n\desktop\kernel-anti-cheat\development-team\src\driver\x64\debug\driver.tlog\inf2cat.read.1.tlog
c:\users\2n\desktop\kernel-anti-cheat\development-team\src\driver\x64\debug\driver.tlog\inf2cat.write.1.tlog
c:\users\2n\desktop\kernel-anti-cheat\development-team\src\driver\x64\debug\driver.tlog\link.command.1.tlog
c:\users\2n\desktop\kernel-anti-cheat\development-team\src\driver\x64\debug\driver.tlog\link.read.1.tlog
c:\users\2n\desktop\kernel-anti-cheat\development-team\src\driver\x64\debug\driver.tlog\link.write.1.tlog
c:\users\2n\desktop\kernel-anti-cheat\development-team\src\driver\x64\debug\driver.tlog\rc.command.1.tlog
c:\users\2n\desktop\kernel-anti-cheat\development-team\src\driver\x64\debug\driver.tlog\rc.read.1.tlog
c:\users\2n\desktop\kernel-anti-cheat\development-team\src\driver\x64\debug\driver.tlog\rc.write.1.tlog
c:\users\2n\desktop\kernel-anti-cheat\development-team\src\driver\x64\debug\driver.tlog\signtool.command.1.tlog
c:\users\2n\desktop\kernel-anti-cheat\development-team\src\driver\x64\debug\driver.tlog\signtool.read.1.tlog
c:\users\2n\desktop\kernel-anti-cheat\development-team\src\driver\x64\debug\driver.tlog\signtool.timestamp.1.tlog
c:\users\2n\desktop\kernel-anti-cheat\development-team\src\driver\x64\debug\driver.tlog\signtool.write.1.tlog
c:\users\2n\desktop\kernel-anti-cheat\development-team\src\driver\x64\debug\driver.tlog\stampinf.command.1.tlog
c:\users\2n\desktop\kernel-anti-cheat\development-team\src\driver\x64\debug\driver.tlog\stampinf.read.1.tlog
c:\users\2n\desktop\kernel-anti-cheat\development-team\src\driver\x64\debug\driver.tlog\stampinf.write.1.tlog
